<?xml version="1.0" encoding="UTF-8"?>
<testng-results skipped="0" failed="0" ignored="0" total="1" passed="1">
  <reporter-output>
  </reporter-output>
  <suite name="Default suite" duration-ms="7966" started-at="2021-05-28T10:59:24 IST" finished-at="2021-05-28T10:59:32 IST">
    <groups>
    </groups>
    <test name="Default test" duration-ms="7966" started-at="2021-05-28T10:59:24 IST" finished-at="2021-05-28T10:59:32 IST">
      <class name="com.learnautomation.api.HandlOAuth">
        <test-method status="PASS" signature="testAuth()[pri:0, instance:com.learnautomation.api.HandlOAuth@710726a3]" name="testAuth" duration-ms="7834" started-at="2021-05-28T10:59:24 IST" finished-at="2021-05-28T10:59:32 IST">
          <reporter-output>
          </reporter-output>
        </test-method> <!-- testAuth -->
      </class> <!-- com.learnautomation.api.HandlOAuth -->
    </test> <!-- Default test -->
  </suite> <!-- Default suite -->
</testng-results>
