<?xml version="1.0" encoding="UTF-8"?>
<!-- Generated by org.testng.reporters.JUnitXMLReporter -->
<testsuite hostname="DESKTOP-8OBLECF" ignored="0" name="Test" tests="3" failures="0" timestamp="2021-05-20T10:55:24 IST" time="139.264" errors="0">
  <testcase name="testOnChrome" time="75.748" classname="com.learnautomation.orangehrm.testcases.SeleniumOnDocker3"/>
  <testcase name="testOnChrome" time="132.834" classname="com.learnautomation.orangehrm.testcases.SeleniumOnDocker"/>
  <testcase name="testOnChrome" time="139.136" classname="com.learnautomation.orangehrm.testcases.SeleniumOnDocker2"/>
</testsuite> <!-- Test -->
